<?xml version="1.0" encoding="UTF-8"?>
<testng-results ignored="0" total="2" passed="2" failed="0" skipped="0">
  <reporter-output>
  </reporter-output>
  <suite started-at="2024-06-17T21:51:48 IST" name="Default suite" finished-at="2024-06-17T21:52:40 IST" duration-ms="52425">
    <groups>
      <group name="cucumber">
        <method signature="AbstractTestNGCucumberTests.runScenario(io.cucumber.testng.PickleWrapper,io.cucumber.testng.FeatureWrapper)[pri:0, instance:com.urbanladder.runner.UrbanTestRunner@11392934]" name="runScenario" class="io.cucumber.testng.AbstractTestNGCucumberTests"/>
      </group> <!-- cucumber -->
    </groups>
    <test started-at="2024-06-17T21:51:48 IST" name="Default test" finished-at="2024-06-17T21:52:40 IST" duration-ms="52425">
      <class name="com.urbanladder.runner.UrbanTestRunner">
        <test-method is-config="true" signature="setUpClass(org.testng.ITestContext)[pri:0, instance:com.urbanladder.runner.UrbanTestRunner@11392934]" started-at="2024-06-17T21:51:48 IST" name="setUpClass" finished-at="2024-06-17T21:51:54 IST" duration-ms="6416" status="PASS">
          <params>
            <param index="0">
              <value>
                <![CDATA[org.testng.TestRunner@c697186]]>
              </value>
            </param>
          </params>
          <reporter-output>
          </reporter-output>
        </test-method> <!-- setUpClass -->
        <test-method signature="runScenario(io.cucumber.testng.PickleWrapper,io.cucumber.testng.FeatureWrapper)[pri:0, instance:com.urbanladder.runner.UrbanTestRunner@11392934]" started-at="2024-06-17T21:51:54 IST" name="runScenario" description="Runs Cucumber Scenarios" data-provider="scenarios" finished-at="2024-06-17T21:52:05 IST" duration-ms="10869" status="PASS">
          <params>
            <param index="0">
              <value>
                <![CDATA["Search for bookshelves"]]>
              </value>
            </param>
            <param index="1">
              <value>
                <![CDATA["Home page scenarios"]]>
              </value>
            </param>
          </params>
          <reporter-output>
          </reporter-output>
        </test-method> <!-- runScenario -->
        <test-method signature="runScenario(io.cucumber.testng.PickleWrapper,io.cucumber.testng.FeatureWrapper)[pri:0, instance:com.urbanladder.runner.UrbanTestRunner@11392934]" started-at="2024-06-17T21:52:05 IST" name="runScenario" description="Runs Cucumber Scenarios" data-provider="scenarios" finished-at="2024-06-17T21:52:26 IST" duration-ms="20593" status="PASS">
          <params>
            <param index="0">
              <value>
                <![CDATA["Search BookShelves and Display the Results"]]>
              </value>
            </param>
            <param index="1">
              <value>
                <![CDATA["BookShelf Page Scenarios"]]>
              </value>
            </param>
          </params>
          <reporter-output>
          </reporter-output>
        </test-method> <!-- runScenario -->
        <test-method is-config="true" signature="tearDownClass()[pri:0, instance:com.urbanladder.runner.UrbanTestRunner@11392934]" started-at="2024-06-17T21:52:26 IST" name="tearDownClass" finished-at="2024-06-17T21:52:40 IST" duration-ms="14474" status="PASS">
          <reporter-output>
          </reporter-output>
        </test-method> <!-- tearDownClass -->
      </class> <!-- com.urbanladder.runner.UrbanTestRunner -->
    </test> <!-- Default test -->
  </suite> <!-- Default suite -->
</testng-results>
